SLF4J: Failed to load class "org.slf4j.impl.StaticLoggerBinder".
SLF4J: Defaulting to no-operation (NOP) logger implementation
SLF4J: See http://www.slf4j.org/codes.html#StaticLoggerBinder for further details.
Failed checking Java version. Make sure Java version 7 or greater is installed.
Sum of fractions for main effects 40.40%
Sum of fractions for pairwise interaction effects 36.25%
15.30% due to main effect: pos.CompareQuality
4.45% due to interaction: pos.CompareQuality x pos.CompareDistance.mul.SocialPresence
4.04% due to main effect: pos.CompareDistance.mul.SocialPresence
3.12% due to interaction: pos.flee.migrate.mul.CompareQuality x pos.CompareQuality
2.85% due to main effect: pos.CompareWater.mul.CompareQuality
2.07% due to interaction: pos.CompareWater x pos.CompareQuality
1.79% due to main effect: pos.HomophilyAge
1.77% due to main effect: pos.HomophilyAge.div.CompareQuality
1.63% due to interaction: pos.flee.migrate x pos.CompareQuality
1.44% due to main effect: pos.CompareQuality.mul.CompareYield
1.29% due to interaction: pos.CompareWater.mul.CompareQuality x pos.CompareQuality
1.17% due to main effect: pos.flee.migrate.mul.CompareQuality
1.17% due to main effect: pos.SocialPresence
1.04% due to main effect: pos.CompareWater
0.80% due to interaction: pos.CompareWater.mul.HomophilyAge x pos.CompareQuality
0.78% due to main effect: pos.CompareQuality.mul.CompareDryness
0.77% due to interaction: pos.CompareQuality x pos.CompareDistance
0.72% due to interaction: pos.SocialPresence.mul.CompareWater x pos.CompareQuality
0.71% due to main effect: pos.CompareDryness.mul.CompareYield
0.69% due to main effect: pos.CompareDistance
0.67% due to interaction: pos.CompareQuality.mul.CompareYield x pos.CompareQuality
0.67% due to main effect: pos.CompareYield.div.CompareWater
0.66% due to interaction: pos.HomophilyAge.div.CompareQuality x pos.CompareDryness.div.CompareDistance
0.66% due to main effect: pos.flee.migrate.mul.CompareWater
0.64% due to interaction: pos.SocialPresence x pos.CompareQuality
0.62% due to main effect: pos.flee.migrate
0.61% due to main effect: pos.CompareWater.mul.HomophilyCornStocks
0.60% due to interaction: pos.HomophilyAge x pos.CompareQuality
0.57% due to interaction: pos.SocialPresence x pos.CompareQuality.div.CompareDryness
0.53% due to interaction: pos.CompareQuality x pos.CompareDryness
creating ./plots/potentialFarms.png
rotating
creating ./plots/pos.CompareDistance.png
creating ./plots/pos.CompareDistance.div.CompareDryness.png
creating ./plots/pos.CompareDistance.div.CompareWater.png
creating ./plots/pos.CompareDistance.div.HomophilyAge.png
creating ./plots/pos.CompareDistance.div.SocialPresence.png
creating ./plots/pos.CompareDistance.mul.CompareDistance.png
creating ./plots/pos.CompareDistance.mul.CompareQuality.png
creating ./plots/pos.CompareDistance.mul.CompareYield.png
creating ./plots/pos.CompareDistance.mul.HomophilyCornStocks.png
creating ./plots/pos.CompareDistance.mul.flee.migrate.png
creating ./plots/pos.CompareDryness.div.CompareDistance.png
creating ./plots/pos.CompareDryness.div.CompareQuality.png
creating ./plots/pos.CompareDryness.div.CompareYield.png
creating ./plots/pos.CompareDryness.div.HomophilyCornStocks.png
creating ./plots/pos.CompareDryness.div.flee.migrate.png
creating ./plots/pos.CompareDryness.mul.CompareDryness.png
creating ./plots/pos.CompareDryness.mul.CompareWater.png
creating ./plots/pos.CompareDryness.mul.HomophilyAge.png
creating ./plots/pos.CompareDryness.mul.SocialPresence.png
creating ./plots/pos.CompareQuality.png
creating ./plots/pos.CompareQuality.div.CompareDryness.png
creating ./plots/pos.CompareQuality.div.CompareWater.png
creating ./plots/pos.CompareQuality.div.HomophilyAge.png
creating ./plots/pos.CompareQuality.div.SocialPresence.png
creating ./plots/pos.CompareQuality.mul.CompareDistance.png
creating ./plots/pos.CompareQuality.mul.CompareQuality.png
creating ./plots/pos.CompareQuality.mul.CompareYield.png
creating ./plots/pos.CompareQuality.mul.HomophilyCornStocks.png
creating ./plots/pos.CompareQuality.mul.flee.migrate.png
creating ./plots/pos.CompareWater.div.CompareDistance.png
creating ./plots/pos.CompareWater.div.CompareQuality.png
creating ./plots/pos.CompareWater.div.CompareYield.png
creating ./plots/pos.CompareWater.div.HomophilyCornStocks.png
creating ./plots/pos.CompareWater.div.flee.migrate.png
creating ./plots/pos.CompareWater.mul.CompareDryness.png
creating ./plots/pos.CompareWater.mul.CompareWater.png
creating ./plots/pos.CompareWater.mul.HomophilyAge.png
creating ./plots/pos.CompareWater.mul.SocialPresence.png
creating ./plots/pos.CompareYield.png
creating ./plots/pos.CompareYield.div.CompareDryness.png
creating ./plots/pos.CompareYield.div.CompareWater.png
creating ./plots/pos.CompareYield.div.HomophilyAge.png
creating ./plots/pos.CompareYield.div.SocialPresence.png
creating ./plots/pos.CompareYield.mul.CompareDistance.png
creating ./plots/pos.CompareYield.mul.CompareQuality.png
creating ./plots/pos.CompareYield.mul.CompareYield.png
creating ./plots/pos.CompareYield.mul.HomophilyCornStocks.png
creating ./plots/pos.CompareYield.mul.flee.migrate.png
creating ./plots/pos.HomophilyAge.div.CompareDistance.png
creating ./plots/pos.HomophilyAge.div.CompareQuality.png
creating ./plots/pos.HomophilyAge.div.CompareYield.png
creating ./plots/pos.HomophilyAge.div.HomophilyCornStocks.png
creating ./plots/pos.HomophilyAge.div.flee.migrate.png
creating ./plots/pos.HomophilyAge.mul.CompareDryness.png
creating ./plots/pos.HomophilyAge.mul.CompareWater.png
creating ./plots/pos.HomophilyAge.mul.HomophilyAge.png
creating ./plots/pos.HomophilyAge.mul.SocialPresence.png
creating ./plots/pos.HomophilyCornStocks.png
creating ./plots/pos.HomophilyCornStocks.div.CompareDryness.png
creating ./plots/pos.HomophilyCornStocks.div.CompareWater.png
creating ./plots/pos.HomophilyCornStocks.div.HomophilyAge.png
creating ./plots/pos.HomophilyCornStocks.div.SocialPresence.png
creating ./plots/pos.HomophilyCornStocks.mul.CompareDistance.png
creating ./plots/pos.HomophilyCornStocks.mul.CompareQuality.png
creating ./plots/pos.HomophilyCornStocks.mul.CompareYield.png
creating ./plots/pos.HomophilyCornStocks.mul.HomophilyCornStocks.png
creating ./plots/pos.HomophilyCornStocks.mul.flee.migrate.png
creating ./plots/pos.SocialPresence.div.CompareDistance.png
creating ./plots/pos.SocialPresence.div.CompareQuality.png
creating ./plots/pos.SocialPresence.div.CompareYield.png
creating ./plots/pos.SocialPresence.div.HomophilyCornStocks.png
creating ./plots/pos.SocialPresence.div.flee.migrate.png
creating ./plots/pos.SocialPresence.mul.CompareDryness.png
creating ./plots/pos.SocialPresence.mul.CompareWater.png
creating ./plots/pos.SocialPresence.mul.HomophilyAge.png
creating ./plots/pos.SocialPresence.mul.SocialPresence.png
creating ./plots/pos.flee.migrate.png
creating ./plots/pos.flee.migrate.div.CompareDryness.png
creating ./plots/pos.flee.migrate.div.CompareWater.png
creating ./plots/pos.flee.migrate.div.HomophilyAge.png
creating ./plots/pos.flee.migrate.div.SocialPresence.png
creating ./plots/pos.flee.migrate.mul.CompareDistance.png
creating ./plots/pos.flee.migrate.mul.CompareQuality.png
creating ./plots/pos.flee.migrate.mul.CompareYield.png
creating ./plots/pos.flee.migrate.mul.HomophilyCornStocks.png
creating ./plots/pos.flee.migrate.mul.flee.migrate.png
creating ./plots/pos.CompareDistance.div.CompareDistance.png
creating ./plots/pos.CompareDistance.div.CompareYield.png
creating ./plots/pos.CompareDistance.div.flee.migrate.png
creating ./plots/pos.CompareDistance.mul.CompareWater.png
creating ./plots/pos.CompareDistance.mul.SocialPresence.png
creating ./plots/pos.CompareDryness.div.CompareDryness.png
creating ./plots/pos.CompareDryness.div.HomophilyAge.png
creating ./plots/pos.CompareDryness.mul.CompareDistance.png
creating ./plots/pos.CompareDryness.mul.CompareYield.png
creating ./plots/pos.CompareDryness.mul.flee.migrate.png
creating ./plots/pos.CompareQuality.div.CompareQuality.png
creating ./plots/pos.CompareQuality.div.HomophilyCornStocks.png
creating ./plots/pos.CompareQuality.mul.CompareDryness.png
creating ./plots/pos.CompareQuality.mul.HomophilyAge.png
creating ./plots/pos.CompareWater.png
creating ./plots/pos.CompareWater.div.CompareWater.png
creating ./plots/pos.CompareWater.div.SocialPresence.png
creating ./plots/pos.CompareWater.mul.CompareQuality.png
creating ./plots/pos.CompareWater.mul.HomophilyCornStocks.png
creating ./plots/pos.CompareYield.div.CompareDistance.png
creating ./plots/pos.CompareYield.div.CompareYield.png
creating ./plots/pos.CompareYield.div.flee.migrate.png
creating ./plots/pos.CompareYield.mul.CompareWater.png
creating ./plots/pos.CompareYield.mul.SocialPresence.png
creating ./plots/pos.HomophilyAge.div.CompareDryness.png
creating ./plots/pos.HomophilyAge.div.HomophilyAge.png
creating ./plots/pos.HomophilyAge.mul.CompareDistance.png
creating ./plots/pos.HomophilyAge.mul.CompareYield.png
creating ./plots/pos.HomophilyAge.mul.flee.migrate.png
creating ./plots/pos.HomophilyCornStocks.div.CompareQuality.png
creating ./plots/pos.HomophilyCornStocks.div.HomophilyCornStocks.png
creating ./plots/pos.HomophilyCornStocks.mul.CompareDryness.png
creating ./plots/pos.HomophilyCornStocks.mul.HomophilyAge.png
creating ./plots/pos.SocialPresence.png
creating ./plots/pos.SocialPresence.div.CompareWater.png
creating ./plots/pos.SocialPresence.div.SocialPresence.png
creating ./plots/pos.SocialPresence.mul.CompareQuality.png
creating ./plots/pos.SocialPresence.mul.HomophilyCornStocks.png
creating ./plots/pos.flee.migrate.div.CompareDistance.png
creating ./plots/pos.flee.migrate.div.CompareYield.png
creating ./plots/pos.flee.migrate.div.flee.migrate.png
creating ./plots/pos.flee.migrate.mul.CompareWater.png
creating ./plots/pos.flee.migrate.mul.SocialPresence.png
creating ./plots/pos.CompareDistance.div.CompareQuality.png
creating ./plots/pos.CompareDistance.mul.CompareDryness.png
creating ./plots/pos.CompareDryness.png
creating ./plots/pos.CompareDryness.div.SocialPresence.png
creating ./plots/pos.CompareDryness.mul.HomophilyCornStocks.png
creating ./plots/pos.CompareQuality.div.CompareYield.png
creating ./plots/pos.CompareQuality.mul.CompareWater.png
creating ./plots/pos.CompareWater.div.CompareDryness.png
creating ./plots/pos.CompareWater.mul.CompareDistance.png
creating ./plots/pos.CompareWater.mul.flee.migrate.png
creating ./plots/pos.CompareYield.div.HomophilyCornStocks.png
creating ./plots/pos.CompareYield.mul.HomophilyAge.png
creating ./plots/pos.HomophilyAge.div.CompareWater.png
creating ./plots/pos.HomophilyAge.mul.CompareQuality.png
creating ./plots/pos.HomophilyCornStocks.div.CompareDistance.png
creating ./plots/pos.HomophilyCornStocks.div.flee.migrate.png
creating ./plots/pos.HomophilyCornStocks.mul.SocialPresence.png
creating ./plots/pos.SocialPresence.div.HomophilyAge.png
creating ./plots/pos.SocialPresence.mul.CompareYield.png
creating ./plots/pos.flee.migrate.div.CompareQuality.png
creating ./plots/pos.flee.migrate.mul.CompareDryness.png
creating ./plots/pos.CompareDistance.div.HomophilyCornStocks.png
creating ./plots/pos.CompareDryness.div.CompareWater.png
creating ./plots/pos.CompareQuality.div.CompareDistance.png
creating ./plots/pos.CompareQuality.mul.SocialPresence.png
creating ./plots/pos.CompareWater.mul.CompareYield.png
creating ./plots/pos.CompareYield.mul.CompareDryness.png
creating ./plots/pos.HomophilyAge.div.SocialPresence.png
creating ./plots/pos.HomophilyCornStocks.div.CompareYield.png
creating ./plots/pos.SocialPresence.div.CompareDryness.png
creating ./plots/pos.SocialPresence.mul.flee.migrate.png
creating ./plots/pos.flee.migrate.mul.HomophilyAge.png
creating ./plots/pos.CompareDistance.mul.HomophilyAge.png
creating ./plots/pos.CompareQuality.div.flee.migrate.png
creating ./plots/pos.CompareYield.div.CompareQuality.png
creating ./plots/pos.HomophilyAge.mul.HomophilyCornStocks.png
creating ./plots/pos.SocialPresence.mul.CompareDistance.png
creating ./plots/pos.CompareDryness.mul.CompareQuality.png
creating ./plots/pos.HomophilyAge.png
creating ./plots/pos.flee.migrate.div.HomophilyCornStocks.png
creating ./plots/pos.CompareWater.div.HomophilyAge.png
creating ./plots/pos.HomophilyCornStocks.mul.CompareWater.png
[('pos.CompareQuality', 'pos.CompareDistance.mul.SocialPresence'), ('pos.flee.migrate.mul.CompareQuality', 'pos.CompareQuality'), ('pos.CompareWater', 'pos.CompareQuality'), ('pos.flee.migrate', 'pos.CompareQuality'), ('pos.CompareWater.mul.CompareQuality', 'pos.CompareQuality')]
creating ./plots/pos.CompareQualityxpos.CompareDistance.mul.SocialPresence.png
creating ./plots/pos.flee.migrate.mul.CompareQualityxpos.CompareQuality.png
creating ./plots/pos.CompareWaterxpos.CompareQuality.png
creating ./plots/pos.flee.migratexpos.CompareQuality.png
creating ./plots/pos.CompareWater.mul.CompareQualityxpos.CompareQuality.png
