\BOOKMARK [0][-]{chapter.1}{Introduction}{}% 1
\BOOKMARK [1][-]{section.1.1}{About ECJ}{chapter.1}% 2
\BOOKMARK [1][-]{section.1.2}{Overview}{chapter.1}% 3
\BOOKMARK [1][-]{section.1.3}{Unpacking ECJ and Using the Tutorials}{chapter.1}% 4
\BOOKMARK [2][-]{subsection.1.3.1}{The ec Directory, the CLASSPATH, and jar files}{section.1.3}% 5
\BOOKMARK [3][-]{subsubsection.1.3.1.1}{The ec/display Directory: ECJ's GUI}{subsection.1.3.1}% 6
\BOOKMARK [3][-]{subsubsection.1.3.1.2}{The ec/app Directory: Demo Applications}{subsection.1.3.1}% 7
\BOOKMARK [2][-]{subsection.1.3.2}{The docs Directory}{section.1.3}% 8
\BOOKMARK [3][-]{subsubsection.1.3.2.1}{Tutorials}{subsection.1.3.2}% 9
\BOOKMARK [0][-]{chapter.2}{ec.Evolve and Utility Classes}{}% 10
\BOOKMARK [1][-]{section.2.1}{The Parameter Database}{chapter.2}% 11
\BOOKMARK [2][-]{subsection.2.1.1}{Inheritance}{section.2.1}% 12
\BOOKMARK [2][-]{subsection.2.1.2}{Kinds of Parameters}{section.2.1}% 13
\BOOKMARK [2][-]{subsection.2.1.3}{Namespace Hierarchies and Parameter Bases}{section.2.1}% 14
\BOOKMARK [2][-]{subsection.2.1.4}{Parameter Files in Jar Files}{section.2.1}% 15
\BOOKMARK [2][-]{subsection.2.1.5}{Accessing Parameters}{section.2.1}% 16
\BOOKMARK [2][-]{subsection.2.1.6}{Debugging Your Parameters}{section.2.1}% 17
\BOOKMARK [2][-]{subsection.2.1.7}{Building a Parameter Database from Scratch}{section.2.1}% 18
\BOOKMARK [1][-]{section.2.2}{Output}{chapter.2}% 19
\BOOKMARK [2][-]{subsection.2.2.1}{Creating and Writing to Logs}{section.2.2}% 20
\BOOKMARK [2][-]{subsection.2.2.2}{Quieting the Program}{section.2.2}% 21
\BOOKMARK [2][-]{subsection.2.2.3}{The ec.util.Code Class}{section.2.2}% 22
\BOOKMARK [3][-]{subsubsection.2.2.3.1}{Decoding the Hard Way}{subsection.2.2.3}% 23
\BOOKMARK [3][-]{subsubsection.2.2.3.2}{Decoding the Easy Way}{subsection.2.2.3}% 24
\BOOKMARK [1][-]{section.2.3}{Checkpointing}{chapter.2}% 25
\BOOKMARK [2][-]{subsection.2.3.1}{Implementing Checkpointable Code}{section.2.3}% 26
\BOOKMARK [1][-]{section.2.4}{Threads and Random Number Generation}{chapter.2}% 27
\BOOKMARK [2][-]{subsection.2.4.1}{Random Numbers}{section.2.4}% 28
\BOOKMARK [2][-]{subsection.2.4.2}{Selecting Randomly from Distributions}{section.2.4}% 29
\BOOKMARK [2][-]{subsection.2.4.3}{Thread-Local Storage}{section.2.4}% 30
\BOOKMARK [2][-]{subsection.2.4.4}{Multithreading Support}{section.2.4}% 31
\BOOKMARK [1][-]{section.2.5}{Jobs}{chapter.2}% 32
\BOOKMARK [1][-]{section.2.6}{The ec.Evolve Top-level}{chapter.2}% 33
\BOOKMARK [1][-]{section.2.7}{Integrating ECJ with other Applications or Libraries}{chapter.2}% 34
\BOOKMARK [2][-]{subsection.2.7.1}{Control by ECJ}{section.2.7}% 35
\BOOKMARK [2][-]{subsection.2.7.2}{Control by another Application or Library}{section.2.7}% 36
\BOOKMARK [0][-]{chapter.3}{ec.EvolutionState and the ECJ Evolutionary Process}{}% 37
\BOOKMARK [1][-]{section.3.1}{Common Patterns}{chapter.3}% 38
\BOOKMARK [2][-]{subsection.3.1.1}{Setup}{section.3.1}% 39
\BOOKMARK [2][-]{subsection.3.1.2}{Singletons and Cliques}{section.3.1}% 40
\BOOKMARK [2][-]{subsection.3.1.3}{Prototypes}{section.3.1}% 41
\BOOKMARK [2][-]{subsection.3.1.4}{The Flyweight Pattern}{section.3.1}% 42
\BOOKMARK [2][-]{subsection.3.1.5}{Groups}{section.3.1}% 43
\BOOKMARK [1][-]{section.3.2}{Populations, Subpopulations, Species, Individuals, and Fitnesses}{chapter.3}% 44
\BOOKMARK [2][-]{subsection.3.2.1}{Making Large Numbers of Subpopulations}{section.3.2}% 45
\BOOKMARK [2][-]{subsection.3.2.2}{How Species Make Individuals}{section.3.2}% 46
\BOOKMARK [2][-]{subsection.3.2.3}{Reading and Writing Populations and Subpopulations}{section.3.2}% 47
\BOOKMARK [2][-]{subsection.3.2.4}{About Individuals}{section.3.2}% 48
\BOOKMARK [3][-]{subsubsection.3.2.4.1}{Implementing an Individual}{subsection.3.2.4}% 49
\BOOKMARK [2][-]{subsection.3.2.5}{About Fitnesses}{section.3.2}% 50
\BOOKMARK [1][-]{section.3.3}{Initializers and Finishers}{chapter.3}% 51
\BOOKMARK [2][-]{subsection.3.3.1}{Population Files and Subpopulation Files}{section.3.3}% 52
\BOOKMARK [1][-]{section.3.4}{Evaluators and Problems}{chapter.3}% 53
\BOOKMARK [2][-]{subsection.3.4.1}{Problems}{section.3.4}% 54
\BOOKMARK [2][-]{subsection.3.4.2}{Implementing a Problem}{section.3.4}% 55
\BOOKMARK [1][-]{section.3.5}{Breeders}{chapter.3}% 56
\BOOKMARK [2][-]{subsection.3.5.1}{Breeding Pipelines and BreedingSources}{section.3.5}% 57
\BOOKMARK [2][-]{subsection.3.5.2}{SelectionMethods}{section.3.5}% 58
\BOOKMARK [3][-]{subsubsection.3.5.2.1}{Implementing a Simple SelectionMethod}{subsection.3.5.2}% 59
\BOOKMARK [3][-]{subsubsection.3.5.2.2}{Standard Classes}{subsection.3.5.2}% 60
\BOOKMARK [2][-]{subsection.3.5.3}{BreedingPipelines}{section.3.5}% 61
\BOOKMARK [3][-]{subsubsection.3.5.3.1}{Implementing a Simple BreedingPipeline}{subsection.3.5.3}% 62
\BOOKMARK [3][-]{subsubsection.3.5.3.2}{Standard Utility Pipelines}{subsection.3.5.3}% 63
\BOOKMARK [2][-]{subsection.3.5.4}{Setting up a Pipeline}{section.3.5}% 64
\BOOKMARK [3][-]{subsubsection.3.5.4.1}{A Genetic Algorithm Pipeline}{subsection.3.5.4}% 65
\BOOKMARK [3][-]{subsubsection.3.5.4.2}{A Genetic Programming Pipeline}{subsection.3.5.4}% 66
\BOOKMARK [1][-]{section.3.6}{Exchangers}{chapter.3}% 67
\BOOKMARK [1][-]{section.3.7}{Statistics}{chapter.3}% 68
\BOOKMARK [2][-]{subsection.3.7.1}{Creating a Statistics Chain}{section.3.7}% 69
\BOOKMARK [2][-]{subsection.3.7.2}{Tabular Statistics}{section.3.7}% 70
\BOOKMARK [2][-]{subsection.3.7.3}{Quieting the Statistics}{section.3.7}% 71
\BOOKMARK [2][-]{subsection.3.7.4}{Implementing a Statistics Object}{section.3.7}% 72
\BOOKMARK [1][-]{section.3.8}{Debugging an Evolutionary Process}{chapter.3}% 73
\BOOKMARK [0][-]{chapter.4}{Basic Evolutionary Processes}{}% 74
\BOOKMARK [1][-]{section.4.1}{Generational Evolution}{chapter.4}% 75
\BOOKMARK [2][-]{subsection.4.1.1}{The Genetic Algorithm \(The ec.simple Package\)}{section.4.1}% 76
\BOOKMARK [2][-]{subsection.4.1.2}{Evolution Strategies \(The ec.es Package\)}{section.4.1}% 77
\BOOKMARK [1][-]{section.4.2}{Steady-State Evolution \(The ec.steadystate Package\)}{chapter.4}% 78
\BOOKMARK [2][-]{subsection.4.2.1}{Steady State Statistics}{section.4.2}% 79
\BOOKMARK [2][-]{subsection.4.2.2}{Producing More than One Individual at a Time}{section.4.2}% 80
\BOOKMARK [0][-]{chapter.5}{Representations}{}% 81
\BOOKMARK [1][-]{section.5.1}{Vector and List Representations \(The ec.vector Package\)}{chapter.5}% 82
\BOOKMARK [2][-]{subsection.5.1.1}{Vectors}{section.5.1}% 83
\BOOKMARK [3][-]{subsubsection.5.1.1.1}{Initialization}{subsection.5.1.1}% 84
\BOOKMARK [3][-]{subsubsection.5.1.1.2}{Crossover}{subsection.5.1.1}% 85
\BOOKMARK [3][-]{subsubsection.5.1.1.3}{Multi-Vector Crossover}{subsection.5.1.1}% 86
\BOOKMARK [3][-]{subsubsection.5.1.1.4}{Mutation}{subsection.5.1.1}% 87
\BOOKMARK [3][-]{subsubsection.5.1.1.5}{Heterogeneous Vector Individuals}{subsection.5.1.1}% 88
\BOOKMARK [2][-]{subsection.5.1.2}{Lists}{section.5.1}% 89
\BOOKMARK [3][-]{subsubsection.5.1.2.1}{Utility Methods}{subsection.5.1.2}% 90
\BOOKMARK [3][-]{subsubsection.5.1.2.2}{Initialization}{subsection.5.1.2}% 91
\BOOKMARK [3][-]{subsubsection.5.1.2.3}{Crossover}{subsection.5.1.2}% 92
\BOOKMARK [3][-]{subsubsection.5.1.2.4}{Mutation}{subsection.5.1.2}% 93
\BOOKMARK [2][-]{subsection.5.1.3}{Arbitrary Genes: ec.vector.Gene}{section.5.1}% 94
\BOOKMARK [1][-]{section.5.2}{Genetic Programming \(The ec.gp Package\)}{chapter.5}% 95
\BOOKMARK [2][-]{subsection.5.2.1}{GPNodes, GPTrees, and GPIndividuals}{section.5.2}% 96
\BOOKMARK [3][-]{subsubsection.5.2.1.1}{GPNodes}{subsection.5.2.1}% 97
\BOOKMARK [3][-]{subsubsection.5.2.1.2}{GPTrees}{subsection.5.2.1}% 98
\BOOKMARK [3][-]{subsubsection.5.2.1.3}{GPIndividual}{subsection.5.2.1}% 99
\BOOKMARK [3][-]{subsubsection.5.2.1.4}{GPNodeConstraints}{subsection.5.2.1}% 100
\BOOKMARK [3][-]{subsubsection.5.2.1.5}{GPTreeConstraints}{subsection.5.2.1}% 101
\BOOKMARK [3][-]{subsubsection.5.2.1.6}{GPFunctionSet}{subsection.5.2.1}% 102
\BOOKMARK [2][-]{subsection.5.2.2}{Basic Setup}{section.5.2}% 103
\BOOKMARK [3][-]{subsubsection.5.2.2.1}{Defining GPNodes}{subsection.5.2.2}% 104
\BOOKMARK [2][-]{subsection.5.2.3}{Defining the Representation, Problem, and Statistics}{section.5.2}% 105
\BOOKMARK [3][-]{subsubsection.5.2.3.1}{GPData}{subsection.5.2.3}% 106
\BOOKMARK [3][-]{subsubsection.5.2.3.2}{KozaFitness}{subsection.5.2.3}% 107
\BOOKMARK [3][-]{subsubsection.5.2.3.3}{GPProblem}{subsection.5.2.3}% 108
\BOOKMARK [3][-]{subsubsection.5.2.3.4}{GPNode Subclasses}{subsection.5.2.3}% 109
\BOOKMARK [3][-]{subsubsection.5.2.3.5}{Statistics}{subsection.5.2.3}% 110
\BOOKMARK [2][-]{subsection.5.2.4}{Initialization}{section.5.2}% 111
\BOOKMARK [2][-]{subsection.5.2.5}{Breeding}{section.5.2}% 112
\BOOKMARK [2][-]{subsection.5.2.6}{A Complete Example}{section.5.2}% 113
\BOOKMARK [2][-]{subsection.5.2.7}{GPNodes in Depth}{section.5.2}% 114
\BOOKMARK [2][-]{subsection.5.2.8}{GPTrees and GPIndividuals in Depth}{section.5.2}% 115
\BOOKMARK [3][-]{subsubsection.5.2.8.1}{Pretty-Printing Trees}{subsection.5.2.8}% 116
\BOOKMARK [3][-]{subsubsection.5.2.8.2}{GPIndividuals}{subsection.5.2.8}% 117
\BOOKMARK [2][-]{subsection.5.2.9}{Ephemeral Random Constants}{section.5.2}% 118
\BOOKMARK [2][-]{subsection.5.2.10}{Automatically Defined Functions and Macros}{section.5.2}% 119
\BOOKMARK [3][-]{subsubsection.5.2.10.1}{About ADF Stacks}{subsection.5.2.10}% 120
\BOOKMARK [2][-]{subsection.5.2.11}{Strongly Typed Genetic Programming}{section.5.2}% 121
\BOOKMARK [3][-]{subsubsection.5.2.11.1}{Inside GPTypes}{subsection.5.2.11}% 122
\BOOKMARK [2][-]{subsection.5.2.12}{Parsimony Pressure \(The ec.parsimony Package\)}{section.5.2}% 123
\BOOKMARK [1][-]{section.5.3}{Grammatical Evolution \(The ec.gp.ge Package\)}{chapter.5}% 124
\BOOKMARK [2][-]{subsection.5.3.1}{GEIndividuals, GESpecies, and Grammars}{section.5.3}% 125
\BOOKMARK [3][-]{subsubsection.5.3.1.1}{Strong Typing}{subsection.5.3.1}% 126
\BOOKMARK [3][-]{subsubsection.5.3.1.2}{ADFs and ERCs}{subsection.5.3.1}% 127
\BOOKMARK [2][-]{subsection.5.3.2}{Translation and Evaluation}{section.5.3}% 128
\BOOKMARK [2][-]{subsection.5.3.3}{Printing}{section.5.3}% 129
\BOOKMARK [2][-]{subsection.5.3.4}{Initialization and Breeding}{section.5.3}% 130
\BOOKMARK [2][-]{subsection.5.3.5}{Dealing with GP}{section.5.3}% 131
\BOOKMARK [2][-]{subsection.5.3.6}{A Complete Example}{section.5.3}% 132
\BOOKMARK [3][-]{subsubsection.5.3.6.1}{Grammar Files}{subsection.5.3.6}% 133
\BOOKMARK [2][-]{subsection.5.3.7}{How Parsing is Done}{section.5.3}% 134
\BOOKMARK [1][-]{section.5.4}{Push \(The ec.gp.push Package\)}{chapter.5}% 135
\BOOKMARK [2][-]{subsection.5.4.1}{Push and GP}{section.5.4}% 136
\BOOKMARK [2][-]{subsection.5.4.2}{Defining the Push Instruction Set}{section.5.4}% 137
\BOOKMARK [2][-]{subsection.5.4.3}{Creating a Push Problem}{section.5.4}% 138
\BOOKMARK [2][-]{subsection.5.4.4}{Building a Custom Instruction}{section.5.4}% 139
\BOOKMARK [1][-]{section.5.5}{Rulesets and Collections \(The ec.rule Package\)}{chapter.5}% 140
\BOOKMARK [2][-]{subsection.5.5.1}{RuleIndividuals and RuleSpecies}{section.5.5}% 141
\BOOKMARK [2][-]{subsection.5.5.2}{RuleSets and RuleSetConstraints}{section.5.5}% 142
\BOOKMARK [2][-]{subsection.5.5.3}{Rules and RuleConstraints}{section.5.5}% 143
\BOOKMARK [2][-]{subsection.5.5.4}{Initialization}{section.5.5}% 144
\BOOKMARK [2][-]{subsection.5.5.5}{Mutation}{section.5.5}% 145
\BOOKMARK [2][-]{subsection.5.5.6}{Crossover}{section.5.5}% 146
\BOOKMARK [0][-]{chapter.6}{Parallel Processes}{}% 147
\BOOKMARK [1][-]{section.6.1}{Distributed Evaluation \(The ec.eval Package\)}{chapter.6}% 148
\BOOKMARK [2][-]{subsection.6.1.1}{The Master}{section.6.1}% 149
\BOOKMARK [2][-]{subsection.6.1.2}{Slaves}{section.6.1}% 150
\BOOKMARK [2][-]{subsection.6.1.3}{Opportunistic Evolution}{section.6.1}% 151
\BOOKMARK [2][-]{subsection.6.1.4}{Asynchronous Evolution}{section.6.1}% 152
\BOOKMARK [2][-]{subsection.6.1.5}{The MasterProblem}{section.6.1}% 153
\BOOKMARK [2][-]{subsection.6.1.6}{Noisy Distributed Problems}{section.6.1}% 154
\BOOKMARK [1][-]{section.6.2}{Island Models \(The ec.exchange Package\)}{chapter.6}% 155
\BOOKMARK [2][-]{subsection.6.2.1}{Islands}{section.6.2}% 156
\BOOKMARK [2][-]{subsection.6.2.2}{The Server}{section.6.2}% 157
\BOOKMARK [3][-]{subsubsection.6.2.2.1}{Synchronicity}{subsection.6.2.2}% 158
\BOOKMARK [2][-]{subsection.6.2.3}{Internal Island Models}{section.6.2}% 159
\BOOKMARK [2][-]{subsection.6.2.4}{The Exchanger}{section.6.2}% 160
\BOOKMARK [0][-]{chapter.7}{Additional Evolutionary Algorithms}{}% 161
\BOOKMARK [1][-]{section.7.1}{Coevolution \(The ec.coevolve Package\)}{chapter.7}% 162
\BOOKMARK [2][-]{subsection.7.1.1}{Coevolutionary Fitness}{section.7.1}% 163
\BOOKMARK [2][-]{subsection.7.1.2}{Grouped Problems}{section.7.1}% 164
\BOOKMARK [2][-]{subsection.7.1.3}{One-Population Competitive Coevolution}{section.7.1}% 165
\BOOKMARK [2][-]{subsection.7.1.4}{Multi-Population Coevolution}{section.7.1}% 166
\BOOKMARK [3][-]{subsubsection.7.1.4.1}{Parallel and Sequential Coevolution}{subsection.7.1.4}% 167
\BOOKMARK [3][-]{subsubsection.7.1.4.2}{Maintaining Context}{subsection.7.1.4}% 168
\BOOKMARK [2][-]{subsection.7.1.5}{Performing Distributed Evaluation with Coevolution}{section.7.1}% 169
\BOOKMARK [1][-]{section.7.2}{Spatially Embedded Evolutionary Algorithms \(The ec.spatial Package\)}{chapter.7}% 170
\BOOKMARK [2][-]{subsection.7.2.1}{Implementing a Space}{section.7.2}% 171
\BOOKMARK [2][-]{subsection.7.2.2}{Spatial Breeding}{section.7.2}% 172
\BOOKMARK [2][-]{subsection.7.2.3}{Coevolutionary Spatial Evaluation}{section.7.2}% 173
\BOOKMARK [1][-]{section.7.3}{Particle Swarm Optimization \(The ec.pso Package\)}{chapter.7}% 174
\BOOKMARK [1][-]{section.7.4}{Differential Evolution \(The ec.de Package\)}{chapter.7}% 175
\BOOKMARK [2][-]{subsection.7.4.1}{Evaluation}{section.7.4}% 176
\BOOKMARK [2][-]{subsection.7.4.2}{Breeding}{section.7.4}% 177
\BOOKMARK [3][-]{subsubsection.7.4.2.1}{The DE/rand/1/bin Operator}{subsection.7.4.2}% 178
\BOOKMARK [3][-]{subsubsection.7.4.2.2}{The DE/best/1/bin Operator}{subsection.7.4.2}% 179
\BOOKMARK [3][-]{subsubsection.7.4.2.3}{The DE/rand/1/either-or Operator}{subsection.7.4.2}% 180
\BOOKMARK [1][-]{section.7.5}{Multiobjective Optimization \(The ec.multiobjective Package\)}{chapter.7}% 181
\BOOKMARK [2][-]{subsubsection.7.5.0.4}{The MultiObjectiveFitness class}{section.7.5}% 182
\BOOKMARK [3][-]{subsubsection.7.5.0.5}{The MultiObjectiveStatistics class}{subsubsection.7.5.0.4}% 183
\BOOKMARK [2][-]{subsection.7.5.1}{Selecting with Multiple Objectives}{section.7.5}% 184
\BOOKMARK [3][-]{subsubsection.7.5.1.1}{Pareto Ranking}{subsection.7.5.1}% 185
\BOOKMARK [3][-]{subsubsection.7.5.1.2}{Archives}{subsection.7.5.1}% 186
\BOOKMARK [2][-]{subsection.7.5.2}{NSGA-II \(The ec.multiobjective.nsga2 Package\)}{section.7.5}% 187
\BOOKMARK [2][-]{subsection.7.5.3}{SPEA2 \(The ec.multiobjective.spea2 Package\)}{section.7.5}% 188
\BOOKMARK [1][-]{section.7.6}{Meta-Evolutionary Algorithms}{chapter.7}% 189
\BOOKMARK [2][-]{subsection.7.6.1}{The Two Parameter Files}{section.7.6}% 190
\BOOKMARK [2][-]{subsection.7.6.2}{Defining the Parameters}{section.7.6}% 191
\BOOKMARK [2][-]{subsection.7.6.3}{Statistics and Messages}{section.7.6}% 192
\BOOKMARK [2][-]{subsection.7.6.4}{Populations Versus Generations}{section.7.6}% 193
\BOOKMARK [2][-]{subsection.7.6.5}{Using Meta-Evolution with Distributed Evaluation}{section.7.6}% 194
\BOOKMARK [2][-]{subsection.7.6.6}{Customization}{section.7.6}% 195
\BOOKMARK [1][-]{section.7.7}{Resets \(The ec.evolve Package\)}{chapter.7}% 196
